  [1m[35m (352.3ms)[0m  [1m[35mCREATE DATABASE "Music_development" ENCODING = 'unicode'[0m
  [1m[35m (160.7ms)[0m  [1m[35mCREATE DATABASE "Music_test" ENCODING = 'unicode'[0m
  [1m[35m (18.2ms)[0m  [1m[35mCREATE TABLE "schema_migrations" ("version" character varying NOT NULL PRIMARY KEY)[0m
  [1m[35m (85.4ms)[0m  [1m[35mCREATE TABLE "ar_internal_metadata" ("key" character varying NOT NULL PRIMARY KEY, "value" character varying, "created_at" timestamp(6) NOT NULL, "updated_at" timestamp(6) NOT NULL)[0m
  [1m[35m (0.6ms)[0m  [1m[34mSELECT pg_try_advisory_lock(2205626353588408695)[0m
  [1m[36mActiveRecord::SchemaMigration Pluck (0.9ms)[0m  [1m[34mSELECT "schema_migrations"."version" FROM "schema_migrations" ORDER BY "schema_migrations"."version" ASC[0m
Migrating to CreateUsers (20221025174719)
  [1m[36mTRANSACTION (0.9ms)[0m  [1m[35mBEGIN[0m
  [1m[35m (40.3ms)[0m  [1m[35mCREATE TABLE "users" ("id" bigserial primary key, "username" character varying NOT NULL, "password_digest" character varying NOT NULL, "session_token" character varying NOT NULL, "created_at" timestamp(6) NOT NULL, "updated_at" timestamp(6) NOT NULL)[0m
  [1m[35m (2.0ms)[0m  [1m[35mCREATE UNIQUE INDEX "index_users_on_username" ON "users" ("username")[0m
  [1m[35m (2.1ms)[0m  [1m[35mCREATE UNIQUE INDEX "index_users_on_session_token" ON "users" ("session_token")[0m
  [1m[36mActiveRecord::SchemaMigration Create (4.3ms)[0m  [1m[32mINSERT INTO "schema_migrations" ("version") VALUES ($1) RETURNING "version"[0m  [["version", "20221025174719"]]
  [1m[36mTRANSACTION (40.8ms)[0m  [1m[35mCOMMIT[0m
  [1m[36mActiveRecord::InternalMetadata Load (0.6ms)[0m  [1m[34mSELECT "ar_internal_metadata".* FROM "ar_internal_metadata" WHERE "ar_internal_metadata"."key" = $1 LIMIT $2[0m  [["key", "environment"], ["LIMIT", 1]]
  [1m[36mTRANSACTION (0.2ms)[0m  [1m[35mBEGIN[0m
  [1m[36mActiveRecord::InternalMetadata Create (0.9ms)[0m  [1m[32mINSERT INTO "ar_internal_metadata" ("key", "value", "created_at", "updated_at") VALUES ($1, $2, $3, $4) RETURNING "key"[0m  [["key", "environment"], ["value", "development"], ["created_at", "2022-10-25 17:49:44.104415"], ["updated_at", "2022-10-25 17:49:44.104415"]]
  [1m[36mTRANSACTION (0.4ms)[0m  [1m[35mCOMMIT[0m
  [1m[35m (0.2ms)[0m  [1m[34mSELECT pg_advisory_unlock(2205626353588408695)[0m
  [1m[36mActiveRecord::SchemaMigration Pluck (1.8ms)[0m  [1m[34mSELECT "schema_migrations"."version" FROM "schema_migrations" ORDER BY "schema_migrations"."version" ASC[0m
  [1m[36mActiveRecord::SchemaMigration Pluck (0.7ms)[0m  [1m[34mSELECT "schema_migrations"."version" FROM "schema_migrations" ORDER BY "schema_migrations"."version" ASC[0m
  [1m[36mTRANSACTION (1.3ms)[0m  [1m[35mBEGIN[0m
  [1m[36mUser Create (56.7ms)[0m  [1m[32mINSERT INTO "users" ("username", "password_digest", "session_token", "created_at", "updated_at") VALUES ($1, $2, $3, $4, $5) RETURNING "id"[0m  [["username", "gage"], ["password_digest", "[FILTERED]"], ["session_token", "[FILTERED]"], ["created_at", "2022-10-25 18:12:48.764256"], ["updated_at", "2022-10-25 18:12:48.764256"]]
  [1m[36mTRANSACTION (53.3ms)[0m  [1m[35mCOMMIT[0m
  [1m[36mUser Load (4.7ms)[0m  [1m[34mSELECT "users".* FROM "users"[0m
  [1m[36mUser Load (0.3ms)[0m  [1m[34mSELECT "users".* FROM "users" ORDER BY "users"."id" ASC LIMIT $1[0m  [["LIMIT", 1]]
  [1m[36mUser Load (0.9ms)[0m  [1m[34mSELECT "users".* FROM "users" WHERE "users"."username" = $1 LIMIT $2[0m  [["username", "gage"], ["LIMIT", 1]]
  [1m[35m (0.3ms)[0m  [1m[34mSELECT pg_try_advisory_lock(2205626353588408695)[0m
  [1m[36mActiveRecord::SchemaMigration Pluck (0.7ms)[0m  [1m[34mSELECT "schema_migrations"."version" FROM "schema_migrations" ORDER BY "schema_migrations"."version" ASC[0m
Migrating to CreateBands (20221025181509)
  [1m[35m (0.3ms)[0m  [1m[34mSELECT pg_advisory_unlock(2205626353588408695)[0m
  [1m[35m (0.3ms)[0m  [1m[34mSELECT pg_try_advisory_lock(2205626353588408695)[0m
  [1m[36mActiveRecord::SchemaMigration Pluck (0.8ms)[0m  [1m[34mSELECT "schema_migrations"."version" FROM "schema_migrations" ORDER BY "schema_migrations"."version" ASC[0m
Migrating to CreateBands (20221025181509)
  [1m[36mTRANSACTION (0.4ms)[0m  [1m[35mBEGIN[0m
  [1m[35m (51.9ms)[0m  [1m[35mCREATE TABLE "bands" ("id" bigserial primary key, "name" character varying NOT NULL, "created_at" timestamp(6) NOT NULL, "updated_at" timestamp(6) NOT NULL)[0m
  [1m[35m (1.5ms)[0m  [1m[35mCREATE UNIQUE INDEX "index_bands_on_name" ON "bands" ("name")[0m
  [1m[36mActiveRecord::SchemaMigration Create (1.1ms)[0m  [1m[32mINSERT INTO "schema_migrations" ("version") VALUES ($1) RETURNING "version"[0m  [["version", "20221025181509"]]
  [1m[36mTRANSACTION (41.9ms)[0m  [1m[35mCOMMIT[0m
  [1m[36mActiveRecord::InternalMetadata Load (0.4ms)[0m  [1m[34mSELECT "ar_internal_metadata".* FROM "ar_internal_metadata" WHERE "ar_internal_metadata"."key" = $1 LIMIT $2[0m  [["key", "environment"], ["LIMIT", 1]]
  [1m[35m (0.6ms)[0m  [1m[34mSELECT pg_advisory_unlock(2205626353588408695)[0m
  [1m[36mActiveRecord::SchemaMigration Pluck (0.8ms)[0m  [1m[34mSELECT "schema_migrations"."version" FROM "schema_migrations" ORDER BY "schema_migrations"."version" ASC[0m
  [1m[36mActiveRecord::SchemaMigration Pluck (0.7ms)[0m  [1m[34mSELECT "schema_migrations"."version" FROM "schema_migrations" ORDER BY "schema_migrations"."version" ASC[0m
  [1m[35m (0.2ms)[0m  [1m[34mSELECT pg_try_advisory_lock(2205626353588408695)[0m
  [1m[36mActiveRecord::SchemaMigration Pluck (1.2ms)[0m  [1m[34mSELECT "schema_migrations"."version" FROM "schema_migrations" ORDER BY "schema_migrations"."version" ASC[0m
Migrating to ChangeUsers (20221025191309)
  [1m[36mTRANSACTION (0.2ms)[0m  [1m[35mBEGIN[0m
  [1m[35m (43.7ms)[0m  [1m[35mALTER TABLE "users" RENAME COLUMN "username" TO "email"[0m
  [1m[35m (0.3ms)[0m  [1m[35mALTER INDEX "index_users_on_username" RENAME TO "index_users_on_email"[0m
  [1m[36mActiveRecord::SchemaMigration Create (0.9ms)[0m  [1m[32mINSERT INTO "schema_migrations" ("version") VALUES ($1) RETURNING "version"[0m  [["version", "20221025191309"]]
  [1m[36mTRANSACTION (41.0ms)[0m  [1m[35mCOMMIT[0m
  [1m[36mActiveRecord::InternalMetadata Load (0.4ms)[0m  [1m[34mSELECT "ar_internal_metadata".* FROM "ar_internal_metadata" WHERE "ar_internal_metadata"."key" = $1 LIMIT $2[0m  [["key", "environment"], ["LIMIT", 1]]
  [1m[35m (0.3ms)[0m  [1m[34mSELECT pg_advisory_unlock(2205626353588408695)[0m
  [1m[36mActiveRecord::SchemaMigration Pluck (0.8ms)[0m  [1m[34mSELECT "schema_migrations"."version" FROM "schema_migrations" ORDER BY "schema_migrations"."version" ASC[0m
Started GET "/" for ::1 at 2022-10-25 15:21:28 -0400
  [1m[36mActiveRecord::SchemaMigration Pluck (53.3ms)[0m  [1m[34mSELECT "schema_migrations"."version" FROM "schema_migrations" ORDER BY "schema_migrations"."version" ASC[0m
Processing by Rails::WelcomeController#index as HTML
  Rendering /Users/bonnieli/.rbenv/versions/3.1.1/lib/ruby/gems/3.1.0/gems/railties-7.0.4/lib/rails/templates/rails/welcome/index.html.erb
  Rendered /Users/bonnieli/.rbenv/versions/3.1.1/lib/ruby/gems/3.1.0/gems/railties-7.0.4/lib/rails/templates/rails/welcome/index.html.erb (Duration: 2.1ms | Allocations: 526)
Completed 200 OK in 23ms (Views: 13.1ms | ActiveRecord: 0.0ms | Allocations: 2807)


Started GET "/users/new" for ::1 at 2022-10-25 15:21:38 -0400

SyntaxError - syntax error, unexpected ',', expecting '}'
...s.require(:user).permit{:email, :password}
...                              ^:
  app/controllers/users_controller.rb:23:in `'

Started POST "/__better_errors/9c17fdce78dd6e40/variables" for ::1 at 2022-10-25 15:21:39 -0400
Started GET "/users/new" for ::1 at 2022-10-25 15:22:42 -0400

SyntaxError - syntax error, unexpected end-of-input, expecting `end':
  app/controllers/users_controller.rb:24:in `'

Started POST "/__better_errors/8d11fdccab217b5f/variables" for ::1 at 2022-10-25 15:22:42 -0400
Started GET "/users/new" for ::1 at 2022-10-25 15:22:50 -0400
Processing by UsersController#new as HTML
Completed 406 Not Acceptable in 1ms (ActiveRecord: 0.0ms | Allocations: 866)



ActionController::MissingExactTemplate - UsersController#new is missing a template for request formats: text/html:

Started POST "/__better_errors/7995d604c67ad878/variables" for ::1 at 2022-10-25 15:22:50 -0400
Started GET "/users/new" for ::1 at 2022-10-25 15:23:38 -0400
Processing by UsersController#new as HTML
Completed 500 Internal Server Error in 24ms (ActiveRecord: 0.0ms | Allocations: 1984)



ActionView::MissingTemplate - Missing template users/new, application/new with {:locale=>[:en], :formats=>[:html], :variants=>[], :handlers=>[:raw, :erb, :html, :builder, :ruby]}.
Searched in:
  * "/Users/bonnieli/Desktop/untitled folder/W7D2/Music/app/views"
Did you mean?  layouts/users/new
               layouts/application:
  app/controllers/users_controller.rb:3:in `new'

Started POST "/__better_errors/ffae4aa3e2ac2c59/variables" for ::1 at 2022-10-25 15:23:38 -0400
Started GET "/users/new" for ::1 at 2022-10-25 15:26:51 -0400
Processing by UsersController#new as HTML
Completed 500 Internal Server Error in 1ms (ActiveRecord: 0.0ms | Allocations: 990)



ActionView::MissingTemplate - Missing template users/new, application/new with {:locale=>[:en], :formats=>[:html], :variants=>[], :handlers=>[:raw, :erb, :html, :builder, :ruby]}.
Searched in:
  * "/Users/bonnieli/Desktop/untitled folder/W7D2/Music/app/views"
Did you mean?  views/users/new
               views/application:
  app/controllers/users_controller.rb:3:in `new'

Started POST "/__better_errors/4898e440aa6e2b58/variables" for ::1 at 2022-10-25 15:26:51 -0400
Started GET "/users/new" for ::1 at 2022-10-25 15:26:51 -0400
Processing by UsersController#new as HTML
Completed 500 Internal Server Error in 2ms (ActiveRecord: 0.0ms | Allocations: 986)



ActionView::MissingTemplate - Missing template users/new, application/new with {:locale=>[:en], :formats=>[:html], :variants=>[], :handlers=>[:raw, :erb, :html, :builder, :ruby]}.
Searched in:
  * "/Users/bonnieli/Desktop/untitled folder/W7D2/Music/app/views"
Did you mean?  views/users/new
               views/application:
  app/controllers/users_controller.rb:3:in `new'

Started POST "/__better_errors/401ece6a5904c95e/variables" for ::1 at 2022-10-25 15:26:52 -0400
Started GET "/users/new" for ::1 at 2022-10-25 15:26:53 -0400
Processing by UsersController#new as HTML
Completed 500 Internal Server Error in 4ms (ActiveRecord: 0.0ms | Allocations: 996)



ActionView::MissingTemplate - Missing template users/new, application/new with {:locale=>[:en], :formats=>[:html], :variants=>[], :handlers=>[:raw, :erb, :html, :builder, :ruby]}.
Searched in:
  * "/Users/bonnieli/Desktop/untitled folder/W7D2/Music/app/views"
Did you mean?  views/users/new
               views/application:
  app/controllers/users_controller.rb:3:in `new'

Started POST "/__better_errors/5fb2ba352c493c1f/variables" for ::1 at 2022-10-25 15:26:53 -0400
Started GET "/users/new" for ::1 at 2022-10-25 15:27:20 -0400
Processing by UsersController#new as HTML
Completed 500 Internal Server Error in 12ms (ActiveRecord: 0.0ms | Allocations: 993)



ActionView::MissingTemplate - Missing template users/new, application/new with {:locale=>[:en], :formats=>[:html], :variants=>[], :handlers=>[:raw, :erb, :html, :builder, :ruby]}.
Searched in:
  * "/Users/bonnieli/Desktop/untitled folder/W7D2/Music/app/views"
Did you mean?  views/users/new
               views/application:
  app/controllers/users_controller.rb:3:in `new'

Started POST "/__better_errors/50569cfd45acfda5/variables" for ::1 at 2022-10-25 15:27:20 -0400
Started GET "/users/new" for ::1 at 2022-10-25 15:27:21 -0400
Processing by UsersController#new as HTML
Completed 500 Internal Server Error in 3ms (ActiveRecord: 0.0ms | Allocations: 992)



ActionView::MissingTemplate - Missing template users/new, application/new with {:locale=>[:en], :formats=>[:html], :variants=>[], :handlers=>[:raw, :erb, :html, :builder, :ruby]}.
Searched in:
  * "/Users/bonnieli/Desktop/untitled folder/W7D2/Music/app/views"
Did you mean?  views/users/new
               views/application:
  app/controllers/users_controller.rb:3:in `new'

Started POST "/__better_errors/6822d60f3aa9ae8b/variables" for ::1 at 2022-10-25 15:27:21 -0400
Started GET "/users/new" for ::1 at 2022-10-25 15:27:26 -0400
Processing by UsersController#new as HTML
Completed 500 Internal Server Error in 3ms (ActiveRecord: 0.0ms | Allocations: 988)



ActionView::MissingTemplate - Missing template users/new, application/new with {:locale=>[:en], :formats=>[:html], :variants=>[], :handlers=>[:raw, :erb, :html, :builder, :ruby]}.
Searched in:
  * "/Users/bonnieli/Desktop/untitled folder/W7D2/Music/app/views"
Did you mean?  views/users/new
               views/application:
  app/controllers/users_controller.rb:3:in `new'

Started POST "/__better_errors/bf4576e1976b5ac1/variables" for ::1 at 2022-10-25 15:27:26 -0400
Started GET "/users/new" for ::1 at 2022-10-25 15:29:40 -0400
  [1m[36mActiveRecord::SchemaMigration Pluck (0.7ms)[0m  [1m[34mSELECT "schema_migrations"."version" FROM "schema_migrations" ORDER BY "schema_migrations"."version" ASC[0m
Processing by UsersController#new as HTML
Completed 500 Internal Server Error in 25ms (ActiveRecord: 0.0ms | Allocations: 3115)



ActionView::MissingTemplate - Missing template users/new, application/new with {:locale=>[:en], :formats=>[:html], :variants=>[], :handlers=>[:raw, :erb, :html, :builder, :ruby]}.
Searched in:
  * "/Users/bonnieli/Desktop/untitled folder/W7D2/Music/app/views"
Did you mean?  views/users/new
               views/application:
  app/controllers/users_controller.rb:3:in `new'

Started GET "/users/new" for ::1 at 2022-10-25 15:29:42 -0400
Processing by UsersController#new as HTML
Completed 500 Internal Server Error in 3ms (ActiveRecord: 0.0ms | Allocations: 972)



ActionView::MissingTemplate - Missing template users/new, application/new with {:locale=>[:en], :formats=>[:html], :variants=>[], :handlers=>[:raw, :erb, :html, :builder, :ruby]}.
Searched in:
  * "/Users/bonnieli/Desktop/untitled folder/W7D2/Music/app/views"
Did you mean?  views/users/new
               views/application:
  app/controllers/users_controller.rb:3:in `new'

Started POST "/__better_errors/d55fd1662a9c0dde/variables" for ::1 at 2022-10-25 15:29:42 -0400
Started GET "/views/users/new" for ::1 at 2022-10-25 15:30:52 -0400
  
ActionController::RoutingError (No route matches [GET] "/views/users/new"):
  
Started GET "/users/new" for ::1 at 2022-10-25 15:36:16 -0400
  [1m[36mActiveRecord::SchemaMigration Pluck (0.7ms)[0m  [1m[34mSELECT "schema_migrations"."version" FROM "schema_migrations" ORDER BY "schema_migrations"."version" ASC[0m
Processing by UsersController#new as HTML
Completed 500 Internal Server Error in 45ms (ActiveRecord: 0.0ms | Allocations: 3115)



ActionView::MissingTemplate - Missing template users/new, application/new with {:locale=>[:en], :formats=>[:html], :variants=>[], :handlers=>[:raw, :erb, :html, :builder, :ruby]}.
Searched in:
  * "/Users/bonnieli/Desktop/untitled folder/W7D2/Music/app/views"
Did you mean?  views/users/new
               views/layouts/application:
  app/controllers/users_controller.rb:3:in `new'

Started POST "/__better_errors/6e9e269d63ef0cef/variables" for ::1 at 2022-10-25 15:36:17 -0400
Started GET "/users/new" for ::1 at 2022-10-25 15:41:21 -0400
  [1m[36mActiveRecord::SchemaMigration Pluck (1.2ms)[0m  [1m[34mSELECT "schema_migrations"."version" FROM "schema_migrations" ORDER BY "schema_migrations"."version" ASC[0m
Processing by UsersController#new as HTML
Completed 500 Internal Server Error in 20ms (ActiveRecord: 0.0ms | Allocations: 3114)



ActionView::MissingTemplate - Missing template users/new, application/new with {:locale=>[:en], :formats=>[:html], :variants=>[], :handlers=>[:raw, :erb, :html, :builder, :ruby]}.
Searched in:
  * "/Users/bonnieli/Desktop/untitled folder/W7D2/Music/app/views"
Did you mean?  views/users/new
               views/layouts/application:
  app/controllers/users_controller.rb:3:in `new'

Started POST "/__better_errors/f36b2300d714a4e1/variables" for ::1 at 2022-10-25 15:41:22 -0400
Started GET "/users/new" for ::1 at 2022-10-25 15:43:22 -0400
Processing by UsersController#new as HTML
Completed 500 Internal Server Error in 2ms (ActiveRecord: 0.0ms | Allocations: 1000)



ActionView::MissingTemplate - Missing template users/new, application/new with {:locale=>[:en], :formats=>[:html], :variants=>[], :handlers=>[:raw, :erb, :html, :builder, :ruby]}.
Searched in:
  * "/Users/bonnieli/Desktop/untitled folder/W7D2/Music/app/views"
Did you mean?  views/users/new
               views/layouts/application:
  app/controllers/users_controller.rb:3:in `new'

Started POST "/__better_errors/f122c55d7530ecf4/variables" for ::1 at 2022-10-25 15:43:22 -0400
  [1m[35m (1.4ms)[0m  [1m[35mCREATE DATABASE "Music_development" ENCODING = 'unicode'[0m
  [1m[35m (0.6ms)[0m  [1m[35mCREATE DATABASE "Music_test" ENCODING = 'unicode'[0m
Started GET "/users/new" for ::1 at 2022-10-25 16:04:01 -0400
  [1m[36mActiveRecord::SchemaMigration Pluck (20.1ms)[0m  [1m[34mSELECT "schema_migrations"."version" FROM "schema_migrations" ORDER BY "schema_migrations"."version" ASC[0m
Processing by UsersController#new as HTML
Completed 500 Internal Server Error in 16ms (ActiveRecord: 0.0ms | Allocations: 3115)



ActionView::MissingTemplate - Missing template users/new, application/new with {:locale=>[:en], :formats=>[:html], :variants=>[], :handlers=>[:raw, :erb, :html, :builder, :ruby]}.
Searched in:
  * "/Users/bonnieli/Desktop/untitled folder/W7D2/Music/app/views"
Did you mean?  views/users/new
               views/layouts/application:
  app/controllers/users_controller.rb:3:in `new'

Started POST "/__better_errors/dc9b61a73360024c/variables" for ::1 at 2022-10-25 16:04:01 -0400
Started GET "/users" for ::1 at 2022-10-25 16:04:28 -0400
  
ActionController::RoutingError (No route matches [GET] "/users"):
  
Started GET "/users/new" for ::1 at 2022-10-25 16:04:33 -0400
Processing by UsersController#new as HTML
Completed 500 Internal Server Error in 1ms (ActiveRecord: 0.0ms | Allocations: 986)



ActionView::MissingTemplate - Missing template users/new, application/new with {:locale=>[:en], :formats=>[:html], :variants=>[], :handlers=>[:raw, :erb, :html, :builder, :ruby]}.
Searched in:
  * "/Users/bonnieli/Desktop/untitled folder/W7D2/Music/app/views"
Did you mean?  views/users/new
               views/layouts/application:
  app/controllers/users_controller.rb:3:in `new'

Started POST "/__better_errors/d9c47adf32e59123/variables" for ::1 at 2022-10-25 16:04:33 -0400
Started GET "/users/new" for ::1 at 2022-10-25 16:05:40 -0400
Processing by UsersController#new as HTML
Completed 500 Internal Server Error in 16ms (ActiveRecord: 0.0ms | Allocations: 1191)



ActionView::MissingTemplate - Missing template users/new, application/new with {:locale=>[:en], :formats=>[:html], :variants=>[], :handlers=>[:raw, :erb, :html, :builder, :ruby]}.
Searched in:
  * "/Users/bonnieli/Desktop/untitled folder/W7D2/Music/app/views"
Did you mean?  views/users/new
               views/layouts/application:
  app/controllers/users_controller.rb:3:in `new'

Started GET "/users/new" for ::1 at 2022-10-25 16:05:40 -0400
Processing by UsersController#new as HTML
Completed 500 Internal Server Error in 2ms (ActiveRecord: 0.0ms | Allocations: 945)



ActionView::MissingTemplate - Missing template users/new, application/new with {:locale=>[:en], :formats=>[:html], :variants=>[], :handlers=>[:raw, :erb, :html, :builder, :ruby]}.
Searched in:
  * "/Users/bonnieli/Desktop/untitled folder/W7D2/Music/app/views"
Did you mean?  views/users/new
               views/layouts/application:
  app/controllers/users_controller.rb:3:in `new'

Started POST "/__better_errors/55c3280d28205cb4/variables" for ::1 at 2022-10-25 16:05:40 -0400
Started POST "/__better_errors/ede844f38e644a31/variables" for ::1 at 2022-10-25 16:05:41 -0400
Started GET "/users/new" for ::1 at 2022-10-25 16:08:40 -0400
  [1m[36mActiveRecord::SchemaMigration Pluck (0.7ms)[0m  [1m[34mSELECT "schema_migrations"."version" FROM "schema_migrations" ORDER BY "schema_migrations"."version" ASC[0m
Processing by UsersController#new as HTML
Completed 500 Internal Server Error in 10ms (ActiveRecord: 0.0ms | Allocations: 3115)



ActionView::MissingTemplate - Missing template users/new, application/new with {:locale=>[:en], :formats=>[:html], :variants=>[], :handlers=>[:raw, :erb, :html, :builder, :ruby]}.
Searched in:
  * "/Users/bonnieli/Desktop/untitled folder/W7D2/Music/app/views"
Did you mean?  views/users/new
               views/layouts/application:
  app/controllers/users_controller.rb:3:in `new'

Started POST "/__better_errors/718884b30bff9d5b/variables" for ::1 at 2022-10-25 16:08:41 -0400
Started GET "/users/new" for ::1 at 2022-10-25 16:32:41 -0400
  [1m[36mActiveRecord::SchemaMigration Pluck (41.2ms)[0m  [1m[34mSELECT "schema_migrations"."version" FROM "schema_migrations" ORDER BY "schema_migrations"."version" ASC[0m
Processing by UsersController#new as HTML
Completed 500 Internal Server Error in 14ms (ActiveRecord: 0.0ms | Allocations: 3115)



ActionView::MissingTemplate - Missing template users/new, application/new with {:locale=>[:en], :formats=>[:html], :variants=>[], :handlers=>[:raw, :erb, :html, :builder, :ruby]}.
Searched in:
  * "/Users/bonnieli/Desktop/untitled folder/W7D2/Music/app/views"
Did you mean?  views/users/new
               views/layouts/application:
  app/controllers/users_controller.rb:3:in `new'

Started POST "/__better_errors/9eea8862fed5fb39/variables" for ::1 at 2022-10-25 16:32:41 -0400
Started GET "/users/new" for ::1 at 2022-10-25 16:33:37 -0400
Processing by UsersController#new as HTML
Completed 500 Internal Server Error in 4609ms (ActiveRecord: 0.0ms | Allocations: 83029)



ActionView::MissingTemplate - Missing template users/new, application/new with {:locale=>[:en], :formats=>[:html], :variants=>[], :handlers=>[:raw, :erb, :html, :builder, :ruby]}.
Searched in:
  * "/Users/bonnieli/Desktop/untitled folder/W7D2/Music/app/views"
Did you mean?  views/users/new
               views/layouts/application:
  app/controllers/users_controller.rb:4:in `new'

Started POST "/__better_errors/56b8e7532d1598e5/variables" for ::1 at 2022-10-25 16:33:42 -0400
Started GET "/users/new" for ::1 at 2022-10-25 16:34:48 -0400
Processing by UsersController#new as HTML
  Rendering layout layouts/application.html.erb
  Rendering users/new.html.erb within layouts/application
  Rendered users/new.html.erb within layouts/application (Duration: 1714.6ms | Allocations: 2504)
  Rendered layout layouts/application.html.erb (Duration: 1751.9ms | Allocations: 9350)
Completed 200 OK in 6831ms (Views: 1766.4ms | ActiveRecord: 0.0ms | Allocations: 12394)


Started GET "/users/new" for ::1 at 2022-10-25 16:35:18 -0400
Processing by UsersController#new as HTML
  Rendering layout layouts/application.html.erb
  Rendering users/new.html.erb within layouts/application
  Rendered users/new.html.erb within layouts/application (Duration: 0.6ms | Allocations: 203)
  Rendered layout layouts/application.html.erb (Duration: 4.1ms | Allocations: 1831)
Completed 200 OK in 7ms (Views: 6.3ms | ActiveRecord: 0.0ms | Allocations: 2631)


Started POST "/users" for ::1 at 2022-10-25 16:37:48 -0400
Processing by UsersController#create as HTML
  Parameters: {"user"=>{"email"=>"bonnieli@gmail.com", "password"=>"[FILTERED]"}}
Can't verify CSRF token authenticity.
Completed 422 Unprocessable Entity in 1ms (ActiveRecord: 0.0ms | Allocations: 727)



ActionController::InvalidAuthenticityToken - Can't verify CSRF token authenticity.:

Started POST "/__better_errors/502d75c5d34831f7/variables" for ::1 at 2022-10-25 16:37:48 -0400
Started POST "/users" for ::1 at 2022-10-25 16:43:51 -0400
Processing by UsersController#create as HTML
  Parameters: {"user"=>{"email"=>"bonnieli@gmail.com", "password"=>"[FILTERED]"}}
Can't verify CSRF token authenticity.
Completed 422 Unprocessable Entity in 4ms (Allocations: 650)



ActionController::InvalidAuthenticityToken - Can't verify CSRF token authenticity.:

Started POST "/__better_errors/cd1d0dc0604351ec/variables" for ::1 at 2022-10-25 16:43:51 -0400
Started POST "/users" for ::1 at 2022-10-25 16:43:56 -0400
Processing by UsersController#create as HTML
  Parameters: {"user"=>{"email"=>"bonnieli@gmail.com", "password"=>"[FILTERED]"}}
Can't verify CSRF token authenticity.
Completed 422 Unprocessable Entity in 1ms (Allocations: 657)



ActionController::InvalidAuthenticityToken - Can't verify CSRF token authenticity.:

Started POST "/__better_errors/b14b99871655788d/variables" for ::1 at 2022-10-25 16:43:57 -0400
Started GET "/users/new" for ::1 at 2022-10-25 16:46:25 -0400
  [1m[36mActiveRecord::SchemaMigration Pluck (0.7ms)[0m  [1m[34mSELECT "schema_migrations"."version" FROM "schema_migrations" ORDER BY "schema_migrations"."version" ASC[0m
Processing by UsersController#new as HTML
  Rendering layout layouts/application.html.erb
  Rendering users/new.html.erb within layouts/application
  Rendered users/new.html.erb within layouts/application (Duration: 14.1ms | Allocations: 1059)
  Rendered layout layouts/application.html.erb (Duration: 69.4ms | Allocations: 4284)
Completed 200 OK in 107ms (Views: 105.7ms | ActiveRecord: 0.0ms | Allocations: 6626)


Started POST "/users" for ::1 at 2022-10-25 16:46:33 -0400
Processing by UsersController#create as HTML
  Parameters: {"authenticity_token"=>"[FILTERED]", "user"=>{"email"=>"bonnieli@gmail.com", "password"=>"[FILTERED]"}}
  [1m[36mTRANSACTION (0.2ms)[0m  [1m[35mBEGIN[0m
  ↳ app/controllers/users_controller.rb:8:in `create'
  [1m[36mUser Create (61.5ms)[0m  [1m[32mINSERT INTO "users" ("email", "password_digest", "session_token", "created_at", "updated_at") VALUES ($1, $2, $3, $4, $5) RETURNING "id"[0m  [["email", "bonnieli@gmail.com"], ["password_digest", "[FILTERED]"], ["session_token", "[FILTERED]"], ["created_at", "2022-10-25 20:46:33.518316"], ["updated_at", "2022-10-25 20:46:33.518316"]]
  ↳ app/controllers/users_controller.rb:8:in `create'
  [1m[36mTRANSACTION (4.5ms)[0m  [1m[35mCOMMIT[0m
  ↳ app/controllers/users_controller.rb:8:in `create'
  [1m[36mTRANSACTION (12.4ms)[0m  [1m[35mBEGIN[0m
  ↳ app/models/user.rb:41:in `reset_session_token!'
  [1m[36mUser Update (15.9ms)[0m  [1m[33mUPDATE "users" SET "session_token" = $1, "updated_at" = $2 WHERE "users"."id" = $3[0m  [["session_token", "[FILTERED]"], ["updated_at", "2022-10-25 20:46:33.591725"], ["id", 2]]
  ↳ app/models/user.rb:41:in `reset_session_token!'
  [1m[36mTRANSACTION (2.7ms)[0m  [1m[35mCOMMIT[0m
  ↳ app/models/user.rb:41:in `reset_session_token!'
Redirected to http://localhost:3000/users/2
Completed 302 Found in 402ms (ActiveRecord: 110.7ms | Allocations: 13108)


Started GET "/users/2" for ::1 at 2022-10-25 16:46:33 -0400
Processing by UsersController#show as HTML
  Parameters: {"id"=>"2"}
  [1m[36mUser Load (0.4ms)[0m  [1m[34mSELECT "users".* FROM "users" WHERE "users"."id" = $1 LIMIT $2[0m  [["id", 2], ["LIMIT", 1]]
  ↳ app/controllers/users_controller.rb:18:in `show'
Completed 406 Not Acceptable in 42ms (ActiveRecord: 5.4ms | Allocations: 3062)



ActionController::MissingExactTemplate - UsersController#show is missing a template for request formats: text/html:

Started POST "/__better_errors/7a8cfca2dcc85927/variables" for ::1 at 2022-10-25 16:46:33 -0400
Started POST "/users" for ::1 at 2022-10-25 16:48:58 -0400
Processing by UsersController#create as HTML
  Parameters: {"authenticity_token"=>"[FILTERED]", "user"=>{"email"=>"bonnieli@gmail.com", "password"=>"[FILTERED]"}}
  [1m[36mTRANSACTION (0.1ms)[0m  [1m[35mBEGIN[0m
  ↳ app/controllers/users_controller.rb:8:in `create'
  [1m[36mUser Create (4.6ms)[0m  [1m[32mINSERT INTO "users" ("email", "password_digest", "session_token", "created_at", "updated_at") VALUES ($1, $2, $3, $4, $5) RETURNING "id"[0m  [["email", "bonnieli@gmail.com"], ["password_digest", "[FILTERED]"], ["session_token", "[FILTERED]"], ["created_at", "2022-10-25 20:48:59.069939"], ["updated_at", "2022-10-25 20:48:59.069939"]]
  ↳ app/controllers/users_controller.rb:8:in `create'
  [1m[36mTRANSACTION (2.1ms)[0m  [1m[31mROLLBACK[0m
  ↳ app/controllers/users_controller.rb:8:in `create'
Completed 500 Internal Server Error in 287ms (ActiveRecord: 6.9ms | Allocations: 4002)



ActiveRecord::RecordNotUnique - PG::UniqueViolation: ERROR:  duplicate key value violates unique constraint "index_users_on_email"
DETAIL:  Key (email)=(bonnieli@gmail.com) already exists.:
  app/controllers/users_controller.rb:8:in `create'

Started POST "/__better_errors/362492b272274cd4/variables" for ::1 at 2022-10-25 16:48:59 -0400
Started GET "/users/1" for ::1 at 2022-10-25 16:49:13 -0400
Processing by UsersController#show as HTML
  Parameters: {"id"=>"1"}
  [1m[36mUser Load (3.8ms)[0m  [1m[34mSELECT "users".* FROM "users" WHERE "users"."id" = $1 LIMIT $2[0m  [["id", 1], ["LIMIT", 1]]
  ↳ app/controllers/users_controller.rb:18:in `show'
  Rendering layout layouts/application.html.erb
  Rendering users/show.html.erb within layouts/application
  Rendered users/show.html.erb within layouts/application (Duration: 15.0ms | Allocations: 6044)
  Rendered layout layouts/application.html.erb (Duration: 16.7ms | Allocations: 6142)
Completed 500 Internal Server Error in 88ms (ActiveRecord: 3.8ms | Allocations: 7463)



NameError - undefined local variable or method `user' for #<ActionView::Base:0x00000000004c40>
Did you mean?  @user:
  app/views/users/show.html.erb:1

Started POST "/__better_errors/fc9d8db55af1dacb/variables" for ::1 at 2022-10-25 16:49:14 -0400
Started POST "/__better_errors/362492b272274cd4/variables" for ::1 at 2022-10-25 16:49:28 -0400
Started POST "/__better_errors/fc9d8db55af1dacb/variables" for ::1 at 2022-10-25 16:49:29 -0400
Started GET "/users/1" for ::1 at 2022-10-25 16:50:17 -0400
Processing by UsersController#show as HTML
  Parameters: {"id"=>"1"}
  [1m[36mUser Load (0.8ms)[0m  [1m[34mSELECT "users".* FROM "users" WHERE "users"."id" = $1 LIMIT $2[0m  [["id", 1], ["LIMIT", 1]]
  ↳ app/controllers/users_controller.rb:18:in `show'
  Rendering layout layouts/application.html.erb
  Rendering users/show.html.erb within layouts/application
  Rendered users/show.html.erb within layouts/application (Duration: 0.4ms | Allocations: 133)
  Rendered layout layouts/application.html.erb (Duration: 4.8ms | Allocations: 1840)
Completed 200 OK in 16ms (Views: 7.7ms | ActiveRecord: 0.8ms | Allocations: 3163)


Started GET "/users/2" for ::1 at 2022-10-25 16:50:27 -0400
Processing by UsersController#show as HTML
  Parameters: {"id"=>"2"}
  [1m[36mUser Load (13.2ms)[0m  [1m[34mSELECT "users".* FROM "users" WHERE "users"."id" = $1 LIMIT $2[0m  [["id", 2], ["LIMIT", 1]]
  ↳ app/controllers/users_controller.rb:18:in `show'
  Rendering layout layouts/application.html.erb
  Rendering users/show.html.erb within layouts/application
  Rendered users/show.html.erb within layouts/application (Duration: 0.1ms | Allocations: 9)
  Rendered layout layouts/application.html.erb (Duration: 2.9ms | Allocations: 1334)
Completed 200 OK in 32ms (Views: 3.9ms | ActiveRecord: 13.2ms | Allocations: 2137)


Started GET "/users/2" for ::1 at 2022-10-25 17:08:57 -0400
  [1m[36mActiveRecord::SchemaMigration Pluck (0.7ms)[0m  [1m[34mSELECT "schema_migrations"."version" FROM "schema_migrations" ORDER BY "schema_migrations"."version" ASC[0m
Processing by UsersController#show as HTML
  Parameters: {"id"=>"2"}
  [1m[36mUser Load (2.2ms)[0m  [1m[34mSELECT "users".* FROM "users" WHERE "users"."id" = $1 LIMIT $2[0m  [["id", 2], ["LIMIT", 1]]
  ↳ app/controllers/users_controller.rb:18:in `show'
  Rendering layout layouts/application.html.erb
  Rendering users/show.html.erb within layouts/application
  Rendered users/show.html.erb within layouts/application (Duration: 2.3ms | Allocations: 373)
  Rendered layout layouts/application.html.erb (Duration: 27.6ms | Allocations: 4112)
Completed 200 OK in 100ms (Views: 32.6ms | ActiveRecord: 19.3ms | Allocations: 15513)


Started GET "/session/new" for ::1 at 2022-10-25 17:09:04 -0400
Processing by SessionsController#new as HTML
Completed 500 Internal Server Error in 5ms (ActiveRecord: 0.0ms | Allocations: 2038)



ActionView::MissingTemplate - Missing template sessions/new, application/new with {:locale=>[:en], :formats=>[:html], :variants=>[], :handlers=>[:raw, :erb, :html, :builder, :ruby]}.
Searched in:
  * "/Users/bonnieli/Desktop/untitled folder/W7D2/Music/app/views"
Did you mean?  users/new
               users/show
               layouts/application:
  app/controllers/sessions_controller.rb:3:in `new'

Started POST "/__better_errors/fe68ab6a151e2471/variables" for ::1 at 2022-10-25 17:09:04 -0400
Started GET "/session/new" for ::1 at 2022-10-25 17:14:07 -0400
Processing by SessionsController#new as HTML
  Rendering layout layouts/application.html.erb
  Rendering sessions/new.html.erb within layouts/application
  Rendered sessions/new.html.erb within layouts/application (Duration: 1.7ms | Allocations: 660)
  Rendered layout layouts/application.html.erb (Duration: 5.0ms | Allocations: 2022)
Completed 200 OK in 7ms (Views: 7.1ms | ActiveRecord: 0.0ms | Allocations: 2759)


Started POST "/session" for ::1 at 2022-10-25 17:14:13 -0400
Processing by SessionsController#create as HTML
  Parameters: {"authenticity_token"=>"[FILTERED]", "user"=>{"email"=>"bonnieli@gmail.com", "password"=>"[FILTERED]"}}
  [1m[36mUser Load (0.3ms)[0m  [1m[34mSELECT "users".* FROM "users" WHERE "users"."email" = $1 LIMIT $2[0m  [["email", "bonnieli@gmail.com"], ["LIMIT", 1]]
  ↳ app/models/user.rb:26:in `find_by_credentials'
  Rendering layout layouts/application.html.erb
  Rendering sessions/new.html.erb within layouts/application
  Rendered sessions/new.html.erb within layouts/application (Duration: 0.6ms | Allocations: 69)
  Rendered layout layouts/application.html.erb (Duration: 3.6ms | Allocations: 1203)
Completed 200 OK in 329ms (Views: 5.3ms | ActiveRecord: 0.3ms | Allocations: 2759)


Started GET "/users/new" for ::1 at 2022-10-25 17:14:40 -0400
Processing by UsersController#new as HTML
  Rendering layout layouts/application.html.erb
  Rendering users/new.html.erb within layouts/application
  Rendered users/new.html.erb within layouts/application (Duration: 3.4ms | Allocations: 587)
  Rendered layout layouts/application.html.erb (Duration: 5.7ms | Allocations: 1798)
Completed 200 OK in 8ms (Views: 7.6ms | ActiveRecord: 0.0ms | Allocations: 2309)


Started POST "/users" for ::1 at 2022-10-25 17:15:18 -0400
Processing by UsersController#create as HTML
  Parameters: {"authenticity_token"=>"[FILTERED]", "user"=>{"email"=>"hello@gmail.com", "password"=>"[FILTERED]"}}
  [1m[36mTRANSACTION (0.2ms)[0m  [1m[35mBEGIN[0m
  ↳ app/controllers/users_controller.rb:8:in `create'
  [1m[36mUser Create (2.1ms)[0m  [1m[32mINSERT INTO "users" ("email", "password_digest", "session_token", "created_at", "updated_at") VALUES ($1, $2, $3, $4, $5) RETURNING "id"[0m  [["email", "hello@gmail.com"], ["password_digest", "[FILTERED]"], ["session_token", "[FILTERED]"], ["created_at", "2022-10-25 21:15:18.859004"], ["updated_at", "2022-10-25 21:15:18.859004"]]
  ↳ app/controllers/users_controller.rb:8:in `create'
  [1m[36mTRANSACTION (42.8ms)[0m  [1m[35mCOMMIT[0m
  ↳ app/controllers/users_controller.rb:8:in `create'
  [1m[36mTRANSACTION (4.2ms)[0m  [1m[35mBEGIN[0m
  ↳ app/models/user.rb:41:in `reset_session_token!'
  [1m[36mUser Update (4.7ms)[0m  [1m[33mUPDATE "users" SET "session_token" = $1, "updated_at" = $2 WHERE "users"."id" = $3[0m  [["session_token", "[FILTERED]"], ["updated_at", "2022-10-25 21:15:18.910658"], ["id", 4]]
  ↳ app/models/user.rb:41:in `reset_session_token!'
  [1m[36mTRANSACTION (7.5ms)[0m  [1m[35mCOMMIT[0m
  ↳ app/models/user.rb:41:in `reset_session_token!'
Redirected to http://localhost:3000/users/4
Completed 302 Found in 348ms (ActiveRecord: 61.5ms | Allocations: 5999)


Started GET "/users/4" for ::1 at 2022-10-25 17:15:18 -0400
Processing by UsersController#show as HTML
  Parameters: {"id"=>"4"}
  [1m[36mUser Load (2.7ms)[0m  [1m[34mSELECT "users".* FROM "users" WHERE "users"."id" = $1 LIMIT $2[0m  [["id", 4], ["LIMIT", 1]]
  ↳ app/controllers/users_controller.rb:18:in `show'
  Rendering layout layouts/application.html.erb
  Rendering users/show.html.erb within layouts/application
  Rendered users/show.html.erb within layouts/application (Duration: 1.4ms | Allocations: 94)
  Rendered layout layouts/application.html.erb (Duration: 5.7ms | Allocations: 1409)
Completed 200 OK in 17ms (Views: 6.7ms | ActiveRecord: 2.7ms | Allocations: 2217)


Started GET "/session/new" for ::1 at 2022-10-25 17:15:26 -0400
Processing by SessionsController#new as HTML
  Rendering layout layouts/application.html.erb
  Rendering sessions/new.html.erb within layouts/application
  Rendered sessions/new.html.erb within layouts/application (Duration: 0.6ms | Allocations: 343)
  Rendered layout layouts/application.html.erb (Duration: 3.5ms | Allocations: 1376)
Completed 200 OK in 4ms (Views: 4.0ms | ActiveRecord: 0.0ms | Allocations: 1583)


Started POST "/session" for ::1 at 2022-10-25 17:15:32 -0400
Processing by SessionsController#create as HTML
  Parameters: {"authenticity_token"=>"[FILTERED]", "user"=>{"email"=>"hello@gmail.com", "password"=>"[FILTERED]"}}
  [1m[36mUser Load (9.0ms)[0m  [1m[34mSELECT "users".* FROM "users" WHERE "users"."email" = $1 LIMIT $2[0m  [["email", "hello@gmail.com"], ["LIMIT", 1]]
  ↳ app/models/user.rb:26:in `find_by_credentials'
  [1m[36mTRANSACTION (0.1ms)[0m  [1m[35mBEGIN[0m
  ↳ app/models/user.rb:41:in `reset_session_token!'
  [1m[36mUser Update (1.3ms)[0m  [1m[33mUPDATE "users" SET "session_token" = $1, "updated_at" = $2 WHERE "users"."id" = $3[0m  [["session_token", "[FILTERED]"], ["updated_at", "2022-10-25 21:15:33.069038"], ["id", 4]]
  ↳ app/models/user.rb:41:in `reset_session_token!'
  [1m[36mTRANSACTION (2.5ms)[0m  [1m[35mCOMMIT[0m
  ↳ app/models/user.rb:41:in `reset_session_token!'
Redirected to http://localhost:3000/users/4
Completed 302 Found in 303ms (ActiveRecord: 13.0ms | Allocations: 2697)


Started GET "/users/4" for ::1 at 2022-10-25 17:15:33 -0400
Processing by UsersController#show as HTML
  Parameters: {"id"=>"4"}
  [1m[36mUser Load (0.5ms)[0m  [1m[34mSELECT "users".* FROM "users" WHERE "users"."id" = $1 LIMIT $2[0m  [["id", 4], ["LIMIT", 1]]
  ↳ app/controllers/users_controller.rb:18:in `show'
  Rendering layout layouts/application.html.erb
  Rendering users/show.html.erb within layouts/application
  Rendered users/show.html.erb within layouts/application (Duration: 0.1ms | Allocations: 9)
  Rendered layout layouts/application.html.erb (Duration: 16.3ms | Allocations: 1339)
Completed 200 OK in 50ms (Views: 20.5ms | ActiveRecord: 0.5ms | Allocations: 2054)


Started POST "/session" for ::1 at 2022-10-25 17:16:21 -0400
Processing by SessionsController#create as HTML
  Parameters: {"authenticity_token"=>"[FILTERED]", "user"=>{"email"=>"hello@gmail.com", "password"=>"[FILTERED]"}}
  [1m[36mUser Load (0.3ms)[0m  [1m[34mSELECT "users".* FROM "users" WHERE "users"."email" = $1 LIMIT $2[0m  [["email", "hello@gmail.com"], ["LIMIT", 1]]
  ↳ app/models/user.rb:26:in `find_by_credentials'
  [1m[36mTRANSACTION (0.2ms)[0m  [1m[35mBEGIN[0m
  ↳ app/models/user.rb:41:in `reset_session_token!'
  [1m[36mUser Update (1.3ms)[0m  [1m[33mUPDATE "users" SET "session_token" = $1, "updated_at" = $2 WHERE "users"."id" = $3[0m  [["session_token", "[FILTERED]"], ["updated_at", "2022-10-25 21:16:21.520905"], ["id", 4]]
  ↳ app/models/user.rb:41:in `reset_session_token!'
  [1m[36mTRANSACTION (10.8ms)[0m  [1m[35mCOMMIT[0m
  ↳ app/models/user.rb:41:in `reset_session_token!'
Redirected to http://localhost:3000/users/4
Completed 302 Found in 316ms (ActiveRecord: 12.5ms | Allocations: 2691)


Started GET "/users/4" for ::1 at 2022-10-25 17:16:21 -0400
Processing by UsersController#show as HTML
  Parameters: {"id"=>"4"}
  [1m[36mUser Load (0.5ms)[0m  [1m[34mSELECT "users".* FROM "users" WHERE "users"."id" = $1 LIMIT $2[0m  [["id", 4], ["LIMIT", 1]]
  ↳ app/controllers/users_controller.rb:18:in `show'
  Rendering layout layouts/application.html.erb
  Rendering users/show.html.erb within layouts/application
  Rendered users/show.html.erb within layouts/application (Duration: 0.1ms | Allocations: 9)
  Rendered layout layouts/application.html.erb (Duration: 20.8ms | Allocations: 1346)
Completed 200 OK in 37ms (Views: 26.2ms | ActiveRecord: 0.5ms | Allocations: 2063)


